<?xml version="1.0" encoding="UTF-8"?>
<!-- Generated by org.testng.reporters.JUnitXMLReporter -->
<testsuite ignored="1" hostname="DESKTOP-5MTP625" failures="0" tests="3" name="Smoke Test" time="28.165" errors="0" timestamp="2023-10-15T20:53:28 EEST">
  <testcase classname="steps.authTest.RegisterTest" name="registerNewUserTC" time="13.825"/>
  <testcase classname="steps.authTest.RegisterTest" name="registerDuplicateUserTC" time="1.5"/>
  <testcase classname="steps.authTest.LoginTest" name="invalidLoginTC" time="1.198"/>
  <testcase classname="steps.authTest.LoginTest" name="validLoginTC" time="0.0">
    <ignored/>
  </testcase> <!-- validLoginTC -->
</testsuite> <!-- Smoke Test -->
