<?xml version="1.0" encoding="UTF-8"?>
<testng-results ignored="1" total="2" passed="1" failed="0" skipped="0">
  <reporter-output>
  </reporter-output>
  <suite started-at="2023-02-03T22:21:31 EET" name="Authentication" finished-at="2023-02-03T22:21:59 EET" duration-ms="27616">
    <groups>
    </groups>
    <test started-at="2023-02-03T22:21:31 EET" name="Smoke Test" finished-at="2023-02-03T22:21:59 EET" duration-ms="27616">
      <class name="testCases.authTestCases.RegisterTest">
        <test-method is-config="true" signature="beforeEachRegisterTC()[pri:0, instance:testCases.authTestCases.RegisterTest@120f102b]" started-at="2023-02-03T22:21:31 EET" name="beforeEachRegisterTC" finished-at="2023-02-03T22:21:42 EET" duration-ms="10851" status="PASS">
          <reporter-output>
          </reporter-output>
        </test-method> <!-- beforeEachRegisterTC -->
        <test-method signature="registerNewUserTC()[pri:1, instance:testCases.authTestCases.RegisterTest@120f102b]" started-at="2023-02-03T22:21:42 EET" name="registerNewUserTC" finished-at="2023-02-03T22:21:59 EET" duration-ms="16410" status="PASS">
          <reporter-output>
          </reporter-output>
        </test-method> <!-- registerNewUserTC -->
        <test-method is-config="true" signature="afterEachRegisterTC()[pri:0, instance:testCases.authTestCases.RegisterTest@120f102b]" started-at="2023-02-03T22:21:59 EET" name="afterEachRegisterTC" finished-at="2023-02-03T22:21:59 EET" duration-ms="312" status="PASS">
          <reporter-output>
          </reporter-output>
        </test-method> <!-- afterEachRegisterTC -->
      </class> <!-- testCases.authTestCases.RegisterTest -->
    </test> <!-- Smoke Test -->
  </suite> <!-- Authentication -->
</testng-results>
