<?xml version="1.0" encoding="UTF-8"?>
<!-- Generated by org.testng.reporters.JUnitXMLReporter -->
<testsuite ignored="0" hostname="mo-saber" failures="0" tests="4" name="Smoke Test" time="34.649" errors="0" timestamp="2023-10-11T11:31:08 EET">
  <testcase classname="steps.authTest.RegisterTest" name="registerNewUserTC" time="11.314"/>
  <testcase classname="steps.authTest.RegisterTest" name="registerDuplicateUserTC" time="1.003"/>
  <testcase classname="steps.authTest.LoginTest" name="validLoginTC" time="7.689"/>
  <testcase classname="steps.authTest.LoginTest" name="invalidLoginTC" time="1.098"/>
</testsuite> <!-- Smoke Test -->
