<?xml version="1.0" encoding="UTF-8"?>
<!-- Generated by org.testng.reporters.JUnitXMLReporter -->
<testsuite ignored="1" hostname="DESKTOP-5MTP625" failures="0" tests="1" name="Smoke Test" time="27.616" errors="0" timestamp="2023-02-03T22:21:59 EET">
  <testcase classname="testCases.authTestCases.RegisterTest" name="registerNewUserTC" time="16.41"/>
  <testcase classname="testCases.authTestCases.RegisterTest" name="registerDuplicateUserTC" time="0.0">
    <ignored/>
  </testcase> <!-- registerDuplicateUserTC -->
</testsuite> <!-- Smoke Test -->
